<?xml version="1.0" encoding="UTF-8"?>
<testng-results skipped="0" failed="0" total="1" passed="1">
  <reporter-output>
  </reporter-output>
  <suite name="TestTest" duration-ms="38" started-at="2016-12-15T15:56:14Z" finished-at="2016-12-15T15:56:14Z">
    <groups>
    </groups>
    <test name="Command line test" duration-ms="38" started-at="2016-12-15T15:56:14Z" finished-at="2016-12-15T15:56:14Z">
      <class name="TestTest">
        <test-method status="PASS" signature="TestTest()[pri:0, instance:TestTest@6833ce2c]" name="TestTest" duration-ms="14" started-at="2016-12-15T18:56:14Z" finished-at="2016-12-15T18:56:14Z">
          <reporter-output>
          </reporter-output>
        </test-method> <!-- TestTest -->
      </class> <!-- TestTest -->
    </test> <!-- Command line test -->
  </suite> <!-- TestTest -->
</testng-results>
